2025-06-14 12:58:15,152 - root - INFO - Sistem logging berhasil diinisialisasi
2025-06-14 12:58:15,152 - __main__ - INFO - Memulai Discord Bot...
2025-06-14 12:58:15,152 - core.startup - INFO - Memulai startup checks...
2025-06-14 12:58:15,152 - core.startup - INFO - Menjalankan Permission Check...
2025-06-14 12:58:15,152 - core.startup - INFO - Permission check berhasil
2025-06-14 12:58:15,153 - core.startup - INFO - Menjalankan Dependency Check...
2025-06-14 12:58:15,153 - core.startup - WARNING - ‚ö† PyNaCl tidak ditemukan (opsional)
2025-06-14 12:58:15,153 - core.startup - INFO - Semua dependency tersedia
2025-06-14 12:58:15,153 - core.startup - INFO - Menjalankan Project Structure...
2025-06-14 12:58:15,154 - core.startup - INFO - Struktur project berhasil disiapkan
2025-06-14 12:58:15,154 - core.startup - INFO - Semua startup checks berhasil
2025-06-14 12:58:15,154 - core.config - INFO - Konfigurasi berhasil dimuat
2025-06-14 12:58:15,154 - discord.client - WARNING - PyNaCl is not installed, voice will NOT be supported
2025-06-14 12:58:15,155 - discord.client - INFO - logging in using static token
2025-06-14 12:58:15,565 - core.bot - INFO - Memulai setup bot...
2025-06-14 12:58:15,572 - database.migrations - INFO - Database setup berhasil
2025-06-14 12:58:15,575 - database.connection - INFO - Database berhasil diinisialisasi
2025-06-14 12:58:15,588 - cogs.admin - INFO - Admin cog loaded successfully
2025-06-14 12:58:15,588 - core.bot - INFO - ‚úì Loaded: cogs.admin
2025-06-14 12:58:15,602 - core.bot - INFO - ‚úì Loaded: cogs.automod
2025-06-14 12:58:15,605 - core.bot - WARNING - ‚úó Failed to load cogs.help_manager: Extension 'cogs.help_manager' raised an error: ModuleNotFoundError: No module named 'ext.constants'
2025-06-14 12:58:15,617 - cogs.leveling - INFO - Leveling tables created successfully
2025-06-14 12:58:15,618 - core.bot - INFO - ‚úì Loaded: cogs.leveling
2025-06-14 12:58:15,621 - core.bot - WARNING - ‚úó Failed to load cogs.logging_handler: Extension 'cogs.logging_handler' raised an error: ModuleNotFoundError: No module named 'colorama'
2025-06-14 12:58:15,626 - core.bot - WARNING - ‚úó Failed to load cogs.management: Extension 'cogs.management' raised an error: CommandRegistrationError: The command bots is already an existing command or alias.
2025-06-14 12:58:15,636 - cogs.reputation - INFO - Reputation tables created successfully
2025-06-14 12:58:15,638 - cogs.reputation - INFO - Reputation tables created successfully
2025-06-14 12:58:15,638 - core.bot - INFO - ‚úì Loaded: cogs.reputation
2025-06-14 12:58:16,414 - matplotlib.font_manager - INFO - Failed to extract font properties from /usr/share/fonts/truetype/unifont/unifont_sample.ttf: Could not set the fontsize (invalid pixel size; error code 0x17)
2025-06-14 12:58:16,469 - matplotlib.font_manager - INFO - Failed to extract font properties from /usr/share/fonts/truetype/noto/NotoColorEmoji.ttf: Can not load face (unknown file format; error code 0x2)
2025-06-14 12:58:16,559 - matplotlib.font_manager - INFO - generated new fontManager
2025-06-14 12:58:17,527 - core.bot - INFO - ‚úì Loaded: cogs.stats
2025-06-14 12:58:17,540 - cogs.utils - INFO - Ticket system tables setup completed successfully
2025-06-14 12:58:17,542 - core.bot - INFO - ‚úì Loaded: cogs.tickets
2025-06-14 12:58:17,591 - core.bot - INFO - ‚úì Loaded: cogs.welcome
2025-06-14 12:58:17,591 - core.bot - INFO - Setup bot selesai
2025-06-14 12:58:17,958 - discord.gateway - INFO - Shard ID None has connected to Gateway (Session ID: c0690e6b4a9284269b57e306cd8f6058).
2025-06-14 12:58:19,962 - core.bot - INFO - Bot login sebagai FDY STORE (1317906405440884871)
2025-06-14 12:58:19,962 - core.bot - ERROR - Channel Live Stock tidak ditemukan: 1318806350310146114
2025-06-14 12:58:19,962 - core.bot - ERROR - Channel Purchase Log tidak ditemukan: 1318806351228698683
2025-06-14 12:58:19,962 - core.bot - ERROR - Channel Donation Log tidak ditemukan: 1318806351228698680
2025-06-14 12:58:19,962 - core.bot - ERROR - Channel Purchase History tidak ditemukan: 1318806351228698682
2025-06-14 12:58:19,964 - core.bot - INFO - Bot siap digunakan!
2025-06-14 13:00:35,981 - root - INFO - Sistem logging berhasil diinisialisasi
2025-06-14 13:00:35,981 - __main__ - INFO - Memulai Discord Bot...
2025-06-14 13:00:35,981 - core.startup - INFO - Memulai startup checks...
2025-06-14 13:00:35,981 - core.startup - INFO - Menjalankan Permission Check...
2025-06-14 13:00:35,981 - core.startup - INFO - Permission check berhasil
2025-06-14 13:00:35,981 - core.startup - INFO - Menjalankan Dependency Check...
2025-06-14 13:00:35,982 - core.startup - WARNING - ‚ö† PyNaCl tidak ditemukan (opsional)
2025-06-14 13:00:35,982 - core.startup - INFO - Semua dependency tersedia
2025-06-14 13:00:35,982 - core.startup - INFO - Menjalankan Project Structure...
2025-06-14 13:00:35,982 - core.startup - INFO - Struktur project berhasil disiapkan
2025-06-14 13:00:35,982 - core.startup - INFO - Semua startup checks berhasil
2025-06-14 13:00:35,982 - core.config - INFO - Token dimuat dari environment variable
2025-06-14 13:00:35,982 - core.config - INFO - Konfigurasi berhasil dimuat
2025-06-14 13:00:35,983 - discord.client - WARNING - PyNaCl is not installed, voice will NOT be supported
2025-06-14 13:00:35,983 - discord.client - INFO - logging in using static token
2025-06-14 13:00:36,461 - core.bot - INFO - Memulai setup bot...
2025-06-14 13:00:36,463 - database.connection - INFO - Database berhasil diinisialisasi
2025-06-14 13:00:36,467 - cogs.admin - INFO - Admin cog loaded successfully
2025-06-14 13:00:36,467 - core.bot - INFO - ‚úì Loaded: cogs.admin
2025-06-14 13:00:36,473 - core.bot - INFO - ‚úì Loaded: cogs.automod
2025-06-14 13:00:36,473 - core.bot - WARNING - ‚úó Failed to load cogs.help_manager: Extension 'cogs.help_manager' raised an error: ModuleNotFoundError: No module named 'ext.constants'
2025-06-14 13:00:36,478 - cogs.leveling - INFO - Leveling tables created successfully
2025-06-14 13:00:36,478 - core.bot - INFO - ‚úì Loaded: cogs.leveling
2025-06-14 13:00:36,479 - core.bot - WARNING - ‚úó Failed to load cogs.logging_handler: Extension 'cogs.logging_handler' raised an error: ModuleNotFoundError: No module named 'colorama'
2025-06-14 13:00:36,480 - core.bot - WARNING - ‚úó Failed to load cogs.management: Extension 'cogs.management' raised an error: CommandRegistrationError: The command bots is already an existing command or alias.
2025-06-14 13:00:36,484 - cogs.reputation - INFO - Reputation tables created successfully
2025-06-14 13:00:36,485 - cogs.reputation - INFO - Reputation tables created successfully
2025-06-14 13:00:36,485 - core.bot - INFO - ‚úì Loaded: cogs.reputation
2025-06-14 13:00:37,309 - core.bot - INFO - ‚úì Loaded: cogs.stats
2025-06-14 13:00:37,313 - cogs.utils - INFO - Ticket system tables setup completed successfully
2025-06-14 13:00:37,313 - core.bot - INFO - ‚úì Loaded: cogs.tickets
2025-06-14 13:00:37,320 - core.bot - INFO - ‚úì Loaded: cogs.welcome
2025-06-14 13:00:37,320 - core.bot - INFO - Setup bot selesai
2025-06-14 13:00:37,746 - discord.gateway - INFO - Shard ID None has connected to Gateway (Session ID: 7f550eaa444e437e94bdca864a9616b9).
2025-06-14 13:00:39,750 - core.bot - INFO - Bot login sebagai FDY STORE (1317906405440884871)
2025-06-14 13:00:39,750 - core.bot - ERROR - Channel Live Stock tidak ditemukan: 1318806350310146114
2025-06-14 13:00:39,750 - core.bot - ERROR - Channel Purchase Log tidak ditemukan: 1318806351228698683
2025-06-14 13:00:39,750 - core.bot - ERROR - Channel Donation Log tidak ditemukan: 1318806351228698680
2025-06-14 13:00:39,750 - core.bot - ERROR - Channel Purchase History tidak ditemukan: 1318806351228698682
2025-06-14 13:00:39,752 - core.bot - INFO - Bot siap digunakan!
2025-06-14 13:03:34,237 - root - INFO - Sistem logging berhasil diinisialisasi
2025-06-14 13:03:34,237 - __main__ - INFO - Memulai Discord Bot...
2025-06-14 13:03:34,237 - core.startup - INFO - Memulai startup checks...
2025-06-14 13:03:34,237 - core.startup - INFO - Menjalankan Permission Check...
2025-06-14 13:03:34,237 - core.startup - INFO - Permission check berhasil
2025-06-14 13:03:34,237 - core.startup - INFO - Menjalankan Dependency Check...
2025-06-14 13:03:34,237 - core.startup - WARNING - ‚ö† PyNaCl tidak ditemukan (opsional)
2025-06-14 13:03:34,237 - core.startup - INFO - Semua dependency tersedia
2025-06-14 13:03:34,238 - core.startup - INFO - Menjalankan Project Structure...
2025-06-14 13:03:34,238 - core.startup - INFO - Struktur project berhasil disiapkan
2025-06-14 13:03:34,238 - core.startup - INFO - Semua startup checks berhasil
2025-06-14 13:03:34,238 - core.config - INFO - Token dimuat dari environment variable
2025-06-14 13:03:34,238 - core.config - INFO - Konfigurasi berhasil dimuat
2025-06-14 13:03:34,239 - discord.client - WARNING - PyNaCl is not installed, voice will NOT be supported
2025-06-14 13:03:34,239 - discord.client - INFO - logging in using static token
2025-06-14 13:03:34,693 - core.bot - INFO - Memulai setup bot...
2025-06-14 13:03:34,696 - database.connection - INFO - Database berhasil diinisialisasi
2025-06-14 13:03:34,708 - cogs.admin - INFO - Admin cog loaded successfully
2025-06-14 13:03:34,709 - core.bot - INFO - ‚úì Loaded: cogs.admin
2025-06-14 13:03:34,713 - core.bot - INFO - ‚úì Loaded: cogs.automod
2025-06-14 13:03:34,713 - core.bot - WARNING - ‚úó Failed to load cogs.help_manager: Extension 'cogs.help_manager' raised an error: ModuleNotFoundError: No module named 'ext.constants'
2025-06-14 13:03:34,717 - cogs.leveling - INFO - Leveling tables created successfully
2025-06-14 13:03:34,718 - core.bot - INFO - ‚úì Loaded: cogs.leveling
2025-06-14 13:03:34,718 - core.bot - WARNING - ‚úó Failed to load cogs.logging_handler: Extension 'cogs.logging_handler' raised an error: ModuleNotFoundError: No module named 'colorama'
2025-06-14 13:03:34,720 - core.bot - WARNING - ‚úó Failed to load cogs.management: Extension 'cogs.management' raised an error: CommandRegistrationError: The command bots is already an existing command or alias.
2025-06-14 13:03:34,724 - cogs.reputation - INFO - Reputation tables created successfully
2025-06-14 13:03:34,724 - cogs.reputation - INFO - Reputation tables created successfully
2025-06-14 13:03:34,725 - core.bot - INFO - ‚úì Loaded: cogs.reputation
2025-06-14 13:03:35,493 - core.bot - INFO - ‚úì Loaded: cogs.stats
2025-06-14 13:03:35,497 - cogs.utils - INFO - Ticket system tables setup completed successfully
2025-06-14 13:03:35,498 - core.bot - INFO - ‚úì Loaded: cogs.tickets
2025-06-14 13:03:35,504 - core.bot - INFO - ‚úì Loaded: cogs.welcome
2025-06-14 13:03:35,504 - core.bot - INFO - Setup bot selesai
2025-06-14 13:03:35,901 - discord.gateway - INFO - Shard ID None has connected to Gateway (Session ID: 186c0e1e5074dc6c08d4d71d3f58548a).
2025-06-14 13:03:37,905 - core.bot - INFO - Bot login sebagai FDY STORE (1317906405440884871)
2025-06-14 13:03:37,905 - core.bot - ERROR - Channel Live Stock tidak ditemukan: 1318806350310146114
2025-06-14 13:03:37,905 - core.bot - ERROR - Channel Purchase Log tidak ditemukan: 1318806351228698683
2025-06-14 13:03:37,905 - core.bot - ERROR - Channel Donation Log tidak ditemukan: 1318806351228698680
2025-06-14 13:03:37,905 - core.bot - ERROR - Channel Purchase History tidak ditemukan: 1318806351228698682
2025-06-14 13:03:37,907 - core.bot - INFO - Bot siap digunakan!
2025-06-14 13:29:53,078 - root - INFO - Sistem logging berhasil diinisialisasi
2025-06-14 13:29:53,078 - __main__ - INFO - Memulai Discord Bot...
2025-06-14 13:29:53,078 - core.startup - INFO - Memulai startup checks...
2025-06-14 13:29:53,078 - core.startup - INFO - Menjalankan Permission Check...
2025-06-14 13:29:53,078 - core.startup - INFO - Permission check berhasil
2025-06-14 13:29:53,078 - core.startup - INFO - Menjalankan Dependency Check...
2025-06-14 13:29:53,079 - core.startup - WARNING - ‚ö† PyNaCl tidak ditemukan (opsional)
2025-06-14 13:29:53,079 - core.startup - INFO - Semua dependency tersedia
2025-06-14 13:29:53,079 - core.startup - INFO - Menjalankan Project Structure...
2025-06-14 13:29:53,079 - core.startup - INFO - Struktur project berhasil disiapkan
2025-06-14 13:29:53,079 - core.startup - INFO - Semua startup checks berhasil
2025-06-14 13:29:53,079 - core.config - INFO - Token dimuat dari environment variable
2025-06-14 13:29:53,080 - core.config - INFO - Konfigurasi berhasil dimuat
2025-06-14 13:29:53,080 - discord.client - WARNING - PyNaCl is not installed, voice will NOT be supported
2025-06-14 13:29:53,080 - core.config - INFO - Token dimuat dari environment variable
2025-06-14 13:29:53,080 - core.config - INFO - Konfigurasi berhasil dimuat
2025-06-14 13:29:53,081 - discord.client - INFO - logging in using static token
2025-06-14 13:29:53,271 - core.bot - INFO - Memulai shutdown bot...
2025-06-14 13:29:53,275 - CacheManager - ERROR - Error clearing cache: no such table: cache
2025-06-14 13:29:53,276 - core.bot - ERROR - Error saat shutdown: no such table: cache
2025-06-14 13:29:53,276 - __main__ - CRITICAL - Bot crash: Improper token has been passed.
Traceback (most recent call last):
  File "/usr/local/lib/python3.10/dist-packages/discord/http.py", line 828, in static_login
    data = await self.request(Route('GET', '/users/@me'))
  File "/usr/local/lib/python3.10/dist-packages/discord/http.py", line 762, in request
    raise HTTPException(response, data)
discord.errors.HTTPException: 401 Unauthorized (error code: 0): 401: Unauthorized

The above exception was the direct cause of the following exception:

Traceback (most recent call last):
  File "/home/user/workspace/main.py", line 48, in main
    await bot.start(bot.config['token'])
  File "/usr/local/lib/python3.10/dist-packages/discord/client.py", line 823, in start
    await self.login(token)
  File "/usr/local/lib/python3.10/dist-packages/discord/client.py", line 652, in login
    data = await self.http.static_login(token)
  File "/usr/local/lib/python3.10/dist-packages/discord/http.py", line 832, in static_login
    raise LoginFailure('Improper token has been passed.') from exc
discord.errors.LoginFailure: Improper token has been passed.
2025-06-14 13:29:53,278 - core.bot - INFO - Memulai shutdown bot...
2025-06-14 13:29:53,278 - CacheManager - ERROR - Error clearing cache: no such table: cache
2025-06-14 13:29:53,278 - core.bot - ERROR - Error saat shutdown: no such table: cache
2025-06-14 13:29:53,296 - asyncio - ERROR - Unclosed connector
connections: ['deque([(<aiohttp.client_proto.ResponseHandler object at 0x7ff28416fd60>, 306.722076376)])']
connector: <aiohttp.connector.TCPConnector object at 0x7ff28419dd80>
2025-06-14 13:29:53,296 - asyncio - ERROR - Fatal error on SSL transport
protocol: <asyncio.sslproto.SSLProtocol object at 0x7ff28419cdc0>
transport: <_SelectorSocketTransport closing fd=7>
Traceback (most recent call last):
  File "/usr/lib/python3.10/asyncio/selector_events.py", line 924, in write
    n = self._sock.send(data)
OSError: [Errno 9] Bad file descriptor

During handling of the above exception, another exception occurred:

Traceback (most recent call last):
  File "/usr/lib/python3.10/asyncio/sslproto.py", line 690, in _process_write_backlog
    self._transport.write(chunk)
  File "/usr/lib/python3.10/asyncio/selector_events.py", line 930, in write
    self._fatal_error(exc, 'Fatal write error on socket transport')
  File "/usr/lib/python3.10/asyncio/selector_events.py", line 725, in _fatal_error
    self._force_close(exc)
  File "/usr/lib/python3.10/asyncio/selector_events.py", line 737, in _force_close
    self._loop.call_soon(self._call_connection_lost, exc)
  File "/usr/lib/python3.10/asyncio/base_events.py", line 753, in call_soon
    self._check_closed()
  File "/usr/lib/python3.10/asyncio/base_events.py", line 515, in _check_closed
    raise RuntimeError('Event loop is closed')
RuntimeError: Event loop is closed
2025-06-14 13:30:45,739 - root - INFO - Sistem logging berhasil diinisialisasi
2025-06-14 13:30:45,739 - __main__ - INFO - üöÄ Memulai test hot reload system...
2025-06-14 13:30:45,740 - core.config - INFO - Konfigurasi berhasil dimuat
2025-06-14 13:30:45,740 - __main__ - INFO - üìÅ Starting hot reload manager...
2025-06-14 13:30:45,740 - core.hot_reload - INFO - Watching directory: /home/user/workspace/cogs
2025-06-14 13:30:45,740 - core.hot_reload - INFO - Watching directory: /home/user/workspace/services
2025-06-14 13:30:45,741 - core.hot_reload - INFO - Watching directory: /home/user/workspace/handlers
2025-06-14 13:30:45,741 - core.hot_reload - INFO - Watching directory: /home/user/workspace/utils
2025-06-14 13:30:45,741 - core.hot_reload - INFO - Watching directory: /home/user/workspace/ui
2025-06-14 13:30:45,741 - core.hot_reload - INFO - Watching directory: /home/user/workspace/database
2025-06-14 13:30:45,741 - core.hot_reload - INFO - Watching directory: /home/user/workspace/business
2025-06-14 13:30:45,742 - core.hot_reload - INFO - Watching directory: /home/user/workspace/data
2025-06-14 13:30:45,752 - core.hot_reload - INFO - Hot reload manager started
2025-06-14 13:30:45,753 - __main__ - INFO - ‚úÖ Hot reload manager berhasil distart!
2025-06-14 13:30:45,753 - __main__ - INFO - üìä Status: {'enabled': True, 'watching': 8, 'loaded_extensions': 3, 'config': {'enabled': True, 'watch_directories': ['cogs', 'services', 'handlers', 'utils', 'ui', 'database', 'business', 'data'], 'watch_extensions': ['.py'], 'ignore_patterns': ['__pycache__', '*.pyc', '*.log', '.git'], 'reload_delay': 1.0, 'auto_reload_cogs': True, 'log_reloads': True}}
2025-06-14 13:30:45,753 - __main__ - INFO - üîÑ Testing reload all cogs...
2025-06-14 13:30:45,753 - __main__ - INFO - Mock reloading extension: cogs.admin
2025-06-14 13:30:45,854 - core.hot_reload - INFO - ‚úì Reloaded: cogs.admin
2025-06-14 13:30:45,854 - __main__ - INFO - Mock reloading extension: cogs.automod
2025-06-14 13:30:45,955 - core.hot_reload - INFO - ‚úì Reloaded: cogs.automod
2025-06-14 13:30:45,955 - __main__ - INFO - Mock reloading extension: cogs.leveling
2025-06-14 13:30:46,055 - core.hot_reload - INFO - ‚úì Reloaded: cogs.leveling
2025-06-14 13:30:46,056 - core.hot_reload - INFO - Reload complete: 3 success, 0 failed
2025-06-14 13:30:46,056 - __main__ - INFO - üìà Reload result: 3 success, 0 failed
2025-06-14 13:30:46,056 - __main__ - INFO - üëÄ Hot reload system aktif! Coba edit file di folder cogs/, services/, dll...
2025-06-14 13:30:46,056 - __main__ - INFO - üí° Untuk test: buat/edit file .py di folder yang di-watch
2025-06-14 13:30:46,056 - __main__ - INFO - ‚è∞ Test akan berjalan selama 30 detik...
2025-06-14 13:31:16,121 - core.hot_reload - INFO - Hot reload manager stopped
2025-06-14 13:31:16,122 - __main__ - INFO - üõë Hot reload manager stopped
2025-06-14 13:31:24,354 - root - INFO - Sistem logging berhasil diinisialisasi
2025-06-14 13:31:24,355 - __main__ - INFO - üöÄ Memulai test hot reload system...
2025-06-14 13:31:24,355 - core.config - INFO - Konfigurasi berhasil dimuat
2025-06-14 13:31:24,355 - __main__ - INFO - üìÅ Starting hot reload manager...
2025-06-14 13:31:24,356 - core.hot_reload - INFO - Watching directory: /home/user/workspace/cogs
2025-06-14 13:31:24,356 - core.hot_reload - INFO - Watching directory: /home/user/workspace/services
2025-06-14 13:31:24,356 - core.hot_reload - INFO - Watching directory: /home/user/workspace/handlers
2025-06-14 13:31:24,356 - core.hot_reload - INFO - Watching directory: /home/user/workspace/utils
2025-06-14 13:31:24,356 - core.hot_reload - INFO - Watching directory: /home/user/workspace/ui
2025-06-14 13:31:24,357 - core.hot_reload - INFO - Watching directory: /home/user/workspace/database
2025-06-14 13:31:24,357 - core.hot_reload - INFO - Watching directory: /home/user/workspace/business
2025-06-14 13:31:24,357 - core.hot_reload - INFO - Watching directory: /home/user/workspace/data
2025-06-14 13:31:24,367 - core.hot_reload - INFO - Hot reload manager started
2025-06-14 13:31:24,367 - __main__ - INFO - ‚úÖ Hot reload manager berhasil distart!
2025-06-14 13:31:24,367 - __main__ - INFO - üìä Status: {'enabled': True, 'watching': 8, 'loaded_extensions': 3, 'config': {'enabled': True, 'watch_directories': ['cogs', 'services', 'handlers', 'utils', 'ui', 'database', 'business', 'data'], 'watch_extensions': ['.py'], 'ignore_patterns': ['__pycache__', '*.pyc', '*.log', '.git'], 'reload_delay': 1.0, 'auto_reload_cogs': True, 'log_reloads': True}}
2025-06-14 13:31:24,367 - __main__ - INFO - üîÑ Testing reload all cogs...
2025-06-14 13:31:24,367 - __main__ - INFO - Mock reloading extension: cogs.admin
2025-06-14 13:31:24,468 - core.hot_reload - INFO - ‚úì Reloaded: cogs.admin
2025-06-14 13:31:24,468 - __main__ - INFO - Mock reloading extension: cogs.automod
2025-06-14 13:31:24,568 - core.hot_reload - INFO - ‚úì Reloaded: cogs.automod
2025-06-14 13:31:24,569 - __main__ - INFO - Mock reloading extension: cogs.leveling
2025-06-14 13:31:24,669 - core.hot_reload - INFO - ‚úì Reloaded: cogs.leveling
2025-06-14 13:31:24,669 - core.hot_reload - INFO - Reload complete: 3 success, 0 failed
2025-06-14 13:31:24,669 - __main__ - INFO - üìà Reload result: 3 success, 0 failed
2025-06-14 13:31:24,670 - __main__ - INFO - üëÄ Hot reload system aktif! Coba edit file di folder cogs/, services/, dll...
2025-06-14 13:31:24,670 - __main__ - INFO - üí° Untuk test: buat/edit file .py di folder yang di-watch
2025-06-14 13:31:24,670 - __main__ - INFO - ‚è∞ Test akan berjalan selama 30 detik...
2025-06-14 13:31:41,500 - core.hot_reload - INFO - File created: /home/user/workspace/cogs/test_cog.py
2025-06-14 13:31:41,501 - core.hot_reload - ERROR - Error handling file change /home/user/workspace/cogs/test_cog.py: no running event loop
2025-06-14 13:31:41,504 - core.hot_reload - INFO - File modified: /home/user/workspace/cogs/test_cog.py
2025-06-14 13:31:41,504 - core.hot_reload - ERROR - Error handling file change /home/user/workspace/cogs/test_cog.py: no running event loop
2025-06-14 13:31:41,504 - core.hot_reload - INFO - File created: /home/user/workspace/cogs/test_cog.py
2025-06-14 13:31:41,504 - core.hot_reload - ERROR - Error handling file change /home/user/workspace/cogs/test_cog.py: no running event loop
2025-06-14 13:31:41,505 - core.hot_reload - INFO - File created: /home/user/workspace/cogs/.backup.test_cog.py
2025-06-14 13:31:41,505 - core.hot_reload - ERROR - Error handling file change /home/user/workspace/cogs/.backup.test_cog.py: no running event loop
2025-06-14 13:31:41,505 - core.hot_reload - INFO - File modified: /home/user/workspace/cogs/.backup.test_cog.py
2025-06-14 13:31:41,505 - core.hot_reload - ERROR - Error handling file change /home/user/workspace/cogs/.backup.test_cog.py: no running event loop
2025-06-14 13:31:51,110 - core.hot_reload - INFO - File deleted: /home/user/workspace/cogs/.backup.test_cog.py
2025-06-14 13:31:51,110 - core.hot_reload - ERROR - Error handling file change /home/user/workspace/cogs/.backup.test_cog.py: no running event loop
2025-06-14 13:31:54,775 - core.hot_reload - INFO - Hot reload manager stopped
2025-06-14 13:31:54,775 - __main__ - INFO - üõë Hot reload manager stopped
2025-06-14 13:33:57,803 - root - INFO - Sistem logging berhasil diinisialisasi
2025-06-14 13:33:57,803 - __main__ - INFO - üöÄ Memulai test hot reload system...
2025-06-14 13:33:57,804 - core.config - INFO - Konfigurasi berhasil dimuat
2025-06-14 13:33:57,804 - __main__ - INFO - üìÅ Starting hot reload manager...
2025-06-14 13:33:57,805 - core.hot_reload - INFO - Watching directory: /home/user/workspace/cogs
2025-06-14 13:33:57,805 - core.hot_reload - INFO - Watching directory: /home/user/workspace/services
2025-06-14 13:33:57,805 - core.hot_reload - INFO - Watching directory: /home/user/workspace/handlers
2025-06-14 13:33:57,806 - core.hot_reload - INFO - Watching directory: /home/user/workspace/utils
2025-06-14 13:33:57,806 - core.hot_reload - INFO - Watching directory: /home/user/workspace/ui
2025-06-14 13:33:57,806 - core.hot_reload - INFO - Watching directory: /home/user/workspace/database
2025-06-14 13:33:57,806 - core.hot_reload - INFO - Watching directory: /home/user/workspace/business
2025-06-14 13:33:57,807 - core.hot_reload - INFO - Watching directory: /home/user/workspace/data
2025-06-14 13:33:57,820 - core.hot_reload - INFO - Hot reload manager started
2025-06-14 13:33:57,820 - __main__ - INFO - ‚úÖ Hot reload manager berhasil distart!
2025-06-14 13:33:57,820 - __main__ - INFO - üìä Status: {'enabled': True, 'watching': 8, 'loaded_extensions': 3, 'config': {'enabled': True, 'watch_directories': ['cogs', 'services', 'handlers', 'utils', 'ui', 'database', 'business', 'data'], 'watch_extensions': ['.py'], 'ignore_patterns': ['__pycache__', '*.pyc', '*.log', '.git'], 'reload_delay': 1.0, 'auto_reload_cogs': True, 'log_reloads': True}}
2025-06-14 13:33:57,820 - __main__ - INFO - üîÑ Testing reload all cogs...
2025-06-14 13:33:57,821 - __main__ - INFO - Mock reloading extension: cogs.admin
2025-06-14 13:33:57,921 - core.hot_reload - INFO - ‚úì Reloaded: cogs.admin
2025-06-14 13:33:57,922 - __main__ - INFO - Mock reloading extension: cogs.automod
2025-06-14 13:33:58,022 - core.hot_reload - INFO - ‚úì Reloaded: cogs.automod
2025-06-14 13:33:58,023 - __main__ - INFO - Mock reloading extension: cogs.leveling
2025-06-14 13:33:58,123 - core.hot_reload - INFO - ‚úì Reloaded: cogs.leveling
2025-06-14 13:33:58,124 - core.hot_reload - INFO - Reload complete: 3 success, 0 failed
2025-06-14 13:33:58,124 - __main__ - INFO - üìà Reload result: 3 success, 0 failed
2025-06-14 13:33:58,124 - __main__ - INFO - üëÄ Hot reload system aktif! Coba edit file di folder cogs/, services/, dll...
2025-06-14 13:33:58,124 - __main__ - INFO - üí° Untuk test: buat/edit file .py di folder yang di-watch
2025-06-14 13:33:58,124 - __main__ - INFO - ‚è∞ Test akan berjalan selama 30 detik...
2025-06-14 13:34:16,694 - core.hot_reload - INFO - File created: /home/user/workspace/cogs/test_cog.py
2025-06-14 13:34:16,695 - core.hot_reload - INFO - File created: /home/user/workspace/cogs/.backup.test_cog.py
2025-06-14 13:34:16,695 - core.hot_reload - INFO - File modified: /home/user/workspace/cogs/.backup.test_cog.py
2025-06-14 13:34:17,697 - __main__ - INFO - Mock loading extension: cogs.test_cog
2025-06-14 13:34:17,697 - __main__ - INFO - Mock loading extension: cogs..backup.test_cog
2025-06-14 13:34:17,698 - __main__ - INFO - Mock reloading extension: cogs..backup.test_cog
2025-06-14 13:34:17,798 - core.hot_reload - INFO - ‚úì Loaded new cog: cogs.test_cog
2025-06-14 13:34:17,798 - core.hot_reload - INFO - ‚úì Loaded new cog: cogs..backup.test_cog
2025-06-14 13:34:17,799 - core.hot_reload - INFO - ‚úì Reloaded cog: cogs..backup.test_cog
2025-06-14 13:34:27,068 - core.hot_reload - INFO - File deleted: /home/user/workspace/cogs/.backup.test_cog.py
2025-06-14 13:34:28,070 - __main__ - INFO - Mock reloading extension: cogs..backup.test_cog
2025-06-14 13:34:28,178 - core.hot_reload - INFO - Hot reload manager stopped
2025-06-14 13:34:28,178 - __main__ - INFO - üõë Hot reload manager stopped
